0.500041007996 0.0
0.550055980682 119002644.214
0.600068092346 118856249.061
0.650079011917 113365561.934
0.700092077255 121449584.402
0.7501039505 118984625.327
0.800112009048 114819574.419
0.850116968155 118979199.39
0.900135040283 115528403.118
1.02081799507 43079057.926
1.02582097054 4752371.89783
1.03084301949 9468645.26244
1.03584694862 10096865.604
1.0412800312 1094038.22082
1.04642605782 0.0
1.07344293594 0.0
1.07846403122 96569766.8255
1.12848615646 124552684.829
1.17850708961 125127773.628
1.22852802277 125127773.628
1.27855205536 125120020.83
