0.500041007996 0.0
0.550055980682 119072903.174
0.600068092346 118934070.211
0.650079011917 113435546.65
0.700092077255 121522085.457
0.7501039505 119054608.709
0.800112009048 114887883.41
0.850116968155 119053392.031
0.900135040283 115602856.207
0.930253982544 115191561.841
0.93532204628 128316460.463
0.940393924713 136193327.402
1.02081799507 4865110.63488
1.02582097054 4797145.25353
1.03084301949 9557851.87998
1.03584694862 10191990.8519
1.0412800312 1104345.44497
1.04642605782 0.0
1.07344293594 0.0
1.07846403122 96661778.6226
1.12848615646 124582071.825
1.17850708961 125154642.379
1.22852802277 125154642.379
1.27855205536 125146887.916
